#
# There is insufficient memory for the Java Runtime Environment to continue.
# Native memory allocation (malloc) failed to allocate 1048576 bytes for AllocateHeap
# Possible reasons:
#   The system is out of physical RAM or swap space
#   The process is running with CompressedOops enabled, and the Java Heap may be blocking the growth of the native heap
# Possible solutions:
#   Reduce memory load on the system
#   Increase physical memory or swap space
#   Check if swap backing store is full
#   Decrease Java heap size (-Xmx/-Xms)
#   Decrease number of Java threads
#   Decrease Java thread stack sizes (-Xss)
#   Set larger code cache with -XX:ReservedCodeCacheSize=
#   JVM is running with Unscaled Compressed Oops mode in which the Java heap is
#     placed in the first 4GB address space. The Java Heap base address is the
#     maximum limit for the native heap growth. Please use -XX:HeapBaseMinAddress
#     to set the Java Heap base and to place the Java Heap above 4GB virtual address.
# This output file may be truncated or incomplete.
#
#  Out of Memory Error (./src/hotspot/share/memory/allocation.cpp:46), pid=16448, tid=16616
#
# JRE version:  (11.0.14.1+1) (build )
# Java VM: OpenJDK 64-Bit Server VM (11.0.14.1+1, mixed mode, sharing, tiered, compressed oops, g1 gc, windows-amd64)
# No core dump will be written. Minidumps are not enabled by default on client versions of Windows
#

---------------  S U M M A R Y ------------

Command Line: 

Host: AMD Ryzen 5 5600H with Radeon Graphics         , 12 cores, 7G,  Windows 11 , 64 bit Build 22621 (10.0.22621.1344)
Time: Fri Jul 26 05:51:53 2024 India Standard Time elapsed time: 0.006914 seconds (0d 0h 0m 0s)

---------------  T H R E A D  ---------------

Current thread (0x000002a8cf6aa000):  JavaThread "Unknown thread" [_thread_in_vm, id=16616, stack(0x000000ee8ab00000,0x000000ee8ac00000)]

Stack: [0x000000ee8ab00000,0x000000ee8ac00000]
Native frames: (J=compiled Java code, j=interpreted, Vv=VM code, C=native code)
V  [jvm.dll+0x61e59a]
V  [jvm.dll+0x7aaca9]
V  [jvm.dll+0x7ac398]
V  [jvm.dll+0x7aca73]
V  [jvm.dll+0x24f9b8]
V  [jvm.dll+0xb95d4]
V  [jvm.dll+0x2e0518]
V  [jvm.dll+0x784af7]
V  [jvm.dll+0x78628f]
V  [jvm.dll+0x35f479]
V  [jvm.dll+0x767aa0]
V  [jvm.dll+0x3ccf1f]
V  [jvm.dll+0x3cf2b1]
C  [jli.dll+0x5207]
C  [ucrtbase.dll+0x29363]
C  [KERNEL32.DLL+0x126bd]
C  [ntdll.dll+0x5a9f8]


---------------  P R O C E S S  ---------------

Threads class SMR info:
_java_thread_list=0x000002a8cd308930, length=0, elements={
}

Java Threads: ( => current thread )

Other Threads:

=>0x000002a8cf6aa000 (exited) JavaThread "Unknown thread" [_thread_in_vm, id=16616, stack(0x000000ee8ab00000,0x000000ee8ac00000)]

Threads with active compile tasks:

VM state:not at safepoint (not fully initialized)

VM Mutex/Monitor currently owned by a thread: None


[error occurred during error reporting (printing compressed oops mode), id 0xc0000005, EXCEPTION_ACCESS_VIOLATION (0xc0000005) at pc=0x00007ff8f22f58d7]

GC Heap History (0 events):
No events

Deoptimization events (0 events):
No events

Classes redefined (0 events):
No events

Internal exceptions (0 events):
No events

Events (1 events):
Event: 0.005 Loaded shared library E:\2022.3.32f1\Editor\Data\PlaybackEngines\AndroidPlayer\OpenJDK\bin\zip.dll


Dynamic libraries:
0x00007ff6f0030000 - 0x00007ff6f003d000 	E:\2022.3.32f1\Editor\Data\PlaybackEngines\AndroidPlayer\OpenJDK\bin\java.exe
0x00007ff99a990000 - 0x00007ff99aba4000 	C:\WINDOWS\SYSTEM32\ntdll.dll
0x00007ff9997f0000 - 0x00007ff9998b3000 	C:\WINDOWS\System32\KERNEL32.DLL
0x00007ff997f40000 - 0x00007ff9982dc000 	C:\WINDOWS\System32\KERNELBASE.dll
0x00007ff998410000 - 0x00007ff998521000 	C:\WINDOWS\System32\ucrtbase.dll
0x00007ff975700000 - 0x00007ff975717000 	E:\2022.3.32f1\Editor\Data\PlaybackEngines\AndroidPlayer\OpenJDK\bin\jli.dll
0x00007ff974c10000 - 0x00007ff974c25000 	E:\2022.3.32f1\Editor\Data\PlaybackEngines\AndroidPlayer\OpenJDK\bin\VCRUNTIME140.dll
0x00007ff998a10000 - 0x00007ff998bbd000 	C:\WINDOWS\System32\USER32.dll
0x00007ff984280000 - 0x00007ff98450e000 	C:\WINDOWS\WinSxS\amd64_microsoft.windows.common-controls_6595b64144ccf1df_6.0.22621.608_none_a9444ca7c10bb01d\COMCTL32.dll
0x00007ff998530000 - 0x00007ff998556000 	C:\WINDOWS\System32\win32u.dll
0x00007ff999550000 - 0x00007ff999579000 	C:\WINDOWS\System32\GDI32.dll
0x00007ff99a230000 - 0x00007ff99a2d7000 	C:\WINDOWS\System32\msvcrt.dll
0x00007ff998680000 - 0x00007ff998793000 	C:\WINDOWS\System32\gdi32full.dll
0x00007ff9985e0000 - 0x00007ff99867a000 	C:\WINDOWS\System32\msvcp_win.dll
0x00007ff99a190000 - 0x00007ff99a1c1000 	C:\WINDOWS\System32\IMM32.DLL
0x00007ff96ee30000 - 0x00007ff96eecb000 	E:\2022.3.32f1\Editor\Data\PlaybackEngines\AndroidPlayer\OpenJDK\bin\msvcp140.dll
0x00007ff8f1b70000 - 0x00007ff8f26f1000 	E:\2022.3.32f1\Editor\Data\PlaybackEngines\AndroidPlayer\OpenJDK\bin\server\jvm.dll
0x00007ff999040000 - 0x00007ff9990ee000 	C:\WINDOWS\System32\ADVAPI32.dll
0x00007ff99a360000 - 0x00007ff99a404000 	C:\WINDOWS\System32\sechost.dll
0x00007ff9991a0000 - 0x00007ff9992b5000 	C:\WINDOWS\System32\RPCRT4.dll
0x00007ff998a00000 - 0x00007ff998a08000 	C:\WINDOWS\System32\PSAPI.DLL
0x00007ff990510000 - 0x00007ff990544000 	C:\WINDOWS\SYSTEM32\WINMM.dll
0x00007ff98ef70000 - 0x00007ff98ef7a000 	C:\WINDOWS\SYSTEM32\VERSION.dll
0x00007ff991fc0000 - 0x00007ff991fc9000 	C:\WINDOWS\SYSTEM32\WSOCK32.dll
0x00007ff9992d0000 - 0x00007ff999341000 	C:\WINDOWS\System32\WS2_32.dll
0x00007ff996f10000 - 0x00007ff996f28000 	C:\WINDOWS\SYSTEM32\kernel.appcore.dll
0x00007ff97fbe0000 - 0x00007ff97fbf0000 	E:\2022.3.32f1\Editor\Data\PlaybackEngines\AndroidPlayer\OpenJDK\bin\verify.dll
0x00007ff985760000 - 0x00007ff98598e000 	C:\WINDOWS\SYSTEM32\DBGHELP.DLL
0x00007ff99a4a0000 - 0x00007ff99a829000 	C:\WINDOWS\System32\combase.dll
0x00007ff9998c0000 - 0x00007ff999997000 	C:\WINDOWS\System32\OLEAUT32.dll
0x00007ff985640000 - 0x00007ff985672000 	C:\WINDOWS\SYSTEM32\dbgcore.DLL
0x00007ff998560000 - 0x00007ff9985db000 	C:\WINDOWS\System32\bcryptPrimitives.dll
0x00007ff9749f0000 - 0x00007ff974a18000 	E:\2022.3.32f1\Editor\Data\PlaybackEngines\AndroidPlayer\OpenJDK\bin\java.dll
0x00007ff97f170000 - 0x00007ff97f17a000 	E:\2022.3.32f1\Editor\Data\PlaybackEngines\AndroidPlayer\OpenJDK\bin\jimage.dll
0x00007ff974bf0000 - 0x00007ff974c08000 	E:\2022.3.32f1\Editor\Data\PlaybackEngines\AndroidPlayer\OpenJDK\bin\zip.dll

dbghelp: loaded successfully - version: 4.0.5 - missing functions: none
symbol engine: initialized successfully - sym options: 0x614 - pdb path: .;E:\2022.3.32f1\Editor\Data\PlaybackEngines\AndroidPlayer\OpenJDK\bin;C:\WINDOWS\SYSTEM32;C:\WINDOWS\WinSxS\amd64_microsoft.windows.common-controls_6595b64144ccf1df_6.0.22621.608_none_a9444ca7c10bb01d;E:\2022.3.32f1\Editor\Data\PlaybackEngines\AndroidPlayer\OpenJDK\bin\server

VM Arguments:
java_command: <unknown>
java_class_path (initial): <not set>
Launcher Type: SUN_STANDARD

[Global flags]
     intx CICompilerCount                          = 4                                         {product} {ergonomic}
     uint G1ConcRefinementThreads                  = 10                                        {product} {ergonomic}
   size_t G1HeapRegionSize                         = 1048576                                   {product} {ergonomic}
    uintx GCDrainStackTargetSize                   = 64                                        {product} {ergonomic}
   size_t InitialHeapSize                          = 123731968                                 {product} {ergonomic}
   size_t MaxHeapSize                              = 1973420032                                {product} {ergonomic}
   size_t MinHeapDeltaBytes                        = 1048576                                   {product} {ergonomic}
    uintx NonNMethodCodeHeapSize                   = 5836300                                {pd product} {ergonomic}
    uintx NonProfiledCodeHeapSize                  = 122910970                              {pd product} {ergonomic}
    uintx ProfiledCodeHeapSize                     = 122910970                              {pd product} {ergonomic}
    uintx ReservedCodeCacheSize                    = 251658240                              {pd product} {ergonomic}
     bool SegmentedCodeCache                       = true                                      {product} {ergonomic}
     bool UseCompressedClassPointers               = true                                 {lp64_product} {ergonomic}
     bool UseCompressedOops                        = true                                 {lp64_product} {ergonomic}
     bool UseG1GC                                  = true                                      {product} {ergonomic}
     bool UseLargePagesIndividualAllocation        = false                                  {pd product} {ergonomic}

Logging:
Log output configuration:
 #0: stdout all=warning uptime,level,tags
 #1: stderr all=off uptime,level,tags

Environment Variables:
JAVA_HOME=E:\2022.3.32f1\Editor\Data\PlaybackEngines\AndroidPlayer\OpenJDK
PATH=C:\Python312\Scripts\;C:\Python312\;E:\Oculus\Support\oculus-runtime;C:\windows\system32;C:\windows;C:\windows\System32\Wbem;C:\windows\System32\WindowsPowerShell\v1.0\;C:\windows\System32\OpenSSH\;C:\Program Files (x86)\NVIDIA Corporation\PhysX\Common;C:\Program Files\NVIDIA Corporation\NVIDIA NvDLISR;C:\Program Files\dotnet\;C:\MinGW\bin;C:\ProgramData\chocolatey\bin;C:\WINDOWS\system32;C:\WINDOWS;C:\WINDOWS\System32\Wbem;C:\WINDOWS\System32\WindowsPowerShell\v1.0\;C:\WINDOWS\System32\OpenSSH\;C:\Program Files\HP\HP One Agent;E:\Git\cmd;D:\;C:\Users\hp\AppData\Local\Microsoft\WindowsApps;C:\Users\hp\AppData\Local\Programs\Microsoft VS Code\bin;C:\Program Files\JetBrains\IntelliJ IDEA Community Edition 2022.1.2\bin;;C:\Program Files\JetBrains\PyCharm Community Edition 2023.2.5\bin;;C:\Program Files\heroku\bin;C:\Users\hp\AppData\Local\GitHubDesktop\bin;C:\Users\hp\AppData\Roaming\npm;C:\Users\hp\.dotnet\tools
USERNAME=hp
OS=Windows_NT
PROCESSOR_IDENTIFIER=AMD64 Family 25 Model 80 Stepping 0, AuthenticAMD



---------------  S Y S T E M  ---------------

OS: Windows 11 , 64 bit Build 22621 (10.0.22621.1344)
OS uptime: 0 days 0:25 hours
Hyper-V role detected

CPU:total 12 (initial active 12) (12 cores per cpu, 2 threads per core) family 25 model 80 stepping 0 microcode 0x0, cmov, cx8, fxsr, mmx, sse, sse2, sse3, ssse3, sse4.1, sse4.2, popcnt, avx, avx2, aes, clmul, erms, mmxext, 3dnowpref, lzcnt, sse4a, ht, tsc, tscinvbit, tscinv, bmi1, bmi2, adx, sha, fma

Memory: 4k page, system-wide physical 7521M (430M free)
TotalPageFile size 15349M (AvailPageFile size 6M)
current process WorkingSet (physical memory assigned to process): 10M, peak: 10M
current process commit charge ("private bytes"): 14M, peak: 15M

vm_info: OpenJDK 64-Bit Server VM (11.0.14.1+1) for windows-amd64 JRE (11.0.14.1+1), built on Feb  9 2022 01:48:27 by "" with unknown MS VC++:1916

END.
