#
# There is insufficient memory for the Java Runtime Environment to continue.
# Native memory allocation (mmap) failed to map 123731968 bytes for Failed to commit area from 0x000000008a600000 to 0x0000000091c00000 of length 123731968.
# Possible reasons:
#   The system is out of physical RAM or swap space
#   The process is running with CompressedOops enabled, and the Java Heap may be blocking the growth of the native heap
# Possible solutions:
#   Reduce memory load on the system
#   Increase physical memory or swap space
#   Check if swap backing store is full
#   Decrease Java heap size (-Xmx/-Xms)
#   Decrease number of Java threads
#   Decrease Java thread stack sizes (-Xss)
#   Set larger code cache with -XX:ReservedCodeCacheSize=
# This output file may be truncated or incomplete.
#
#  Out of Memory Error (./src/hotspot/os/windows/os_windows.cpp:3387), pid=17648, tid=17200
#
# JRE version:  (11.0.14.1+1) (build )
# Java VM: OpenJDK 64-Bit Server VM (11.0.14.1+1, mixed mode, sharing, tiered, compressed oops, g1 gc, windows-amd64)
# No core dump will be written. Minidumps are not enabled by default on client versions of Windows
#

---------------  S U M M A R Y ------------

Command Line: 

Host: AMD Ryzen 5 5600H with Radeon Graphics         , 12 cores, 7G,  Windows 11 , 64 bit Build 22621 (10.0.22621.1344)
Time: Fri Jul 26 00:52:25 2024 India Standard Time elapsed time: 0.007424 seconds (0d 0h 0m 0s)

---------------  T H R E A D  ---------------

Current thread (0x000001a146a9a800):  JavaThread "Unknown thread" [_thread_in_vm, id=17200, stack(0x00000036fd900000,0x00000036fda00000)]

Stack: [0x00000036fd900000,0x00000036fda00000]
Native frames: (J=compiled Java code, j=interpreted, Vv=VM code, C=native code)
V  [jvm.dll+0x61e59a]
V  [jvm.dll+0x7aaca9]
V  [jvm.dll+0x7ac398]
V  [jvm.dll+0x7aca73]
V  [jvm.dll+0x24f9b8]
V  [jvm.dll+0x61b83a]
V  [jvm.dll+0x6100c5]
V  [jvm.dll+0x30772c]
V  [jvm.dll+0x3075b2]
V  [jvm.dll+0x30c2d6]
V  [jvm.dll+0x35272f]
V  [jvm.dll+0x352160]
V  [jvm.dll+0x2e4728]
V  [jvm.dll+0x2e5886]
V  [jvm.dll+0x784b07]
V  [jvm.dll+0x78628f]
V  [jvm.dll+0x35f479]
V  [jvm.dll+0x767aa0]
V  [jvm.dll+0x3ccf1f]
V  [jvm.dll+0x3cf2b1]
C  [jli.dll+0x5207]
C  [ucrtbase.dll+0x29363]
C  [KERNEL32.DLL+0x126bd]
C  [ntdll.dll+0x5a9f8]


---------------  P R O C E S S  ---------------

Threads class SMR info:
_java_thread_list=0x000001a144877ba0, length=0, elements={
}

Java Threads: ( => current thread )

Other Threads:
  0x000001a146ab3800 GCTaskThread "GC Thread#0" [stack: 0x00000036fda00000,0x00000036fdb00000] [id=12480]
  0x000001a146ae2800 ConcurrentGCThread "G1 Main Marker" [stack: 0x00000036fdb00000,0x00000036fdc00000] [id=15856]
  0x000001a146ae7800 ConcurrentGCThread "G1 Conc#0" [stack: 0x00000036fdc00000,0x00000036fdd00000] [id=13996]

[error occurred during error reporting (printing all threads), id 0xc0000005, EXCEPTION_ACCESS_VIOLATION (0xc0000005) at pc=0x00007ff845923ef7]

VM state:not at safepoint (not fully initialized)

VM Mutex/Monitor currently owned by a thread:  ([mutex/lock_event])
[0x000001a146a96540] Heap_lock - owner thread: 0x000001a146a9a800

Heap address: 0x000000008a600000, size: 1882 MB, Compressed Oops mode: Non-zero based: 0x000000008a600000
Narrow klass base: 0x0000000000000000, Narrow klass shift: 0

GC Heap History (0 events):
No events

Deoptimization events (0 events):
No events

Classes redefined (0 events):
No events

Internal exceptions (0 events):
No events

Events (1 events):
Event: 0.005 Loaded shared library E:\2022.3.32f1\Editor\Data\PlaybackEngines\AndroidPlayer\OpenJDK\bin\zip.dll


Dynamic libraries:
0x00007ff6c8750000 - 0x00007ff6c875d000 	E:\2022.3.32f1\Editor\Data\PlaybackEngines\AndroidPlayer\OpenJDK\bin\java.exe
0x00007ff8fbab0000 - 0x00007ff8fbcc4000 	C:\WINDOWS\SYSTEM32\ntdll.dll
0x00007ff8fb000000 - 0x00007ff8fb0c3000 	C:\WINDOWS\System32\KERNEL32.DLL
0x00007ff8f9300000 - 0x00007ff8f969c000 	C:\WINDOWS\System32\KERNELBASE.dll
0x00007ff8f9010000 - 0x00007ff8f9121000 	C:\WINDOWS\System32\ucrtbase.dll
0x00007ff8e8460000 - 0x00007ff8e8475000 	E:\2022.3.32f1\Editor\Data\PlaybackEngines\AndroidPlayer\OpenJDK\bin\VCRUNTIME140.dll
0x00007ff8e8480000 - 0x00007ff8e8497000 	E:\2022.3.32f1\Editor\Data\PlaybackEngines\AndroidPlayer\OpenJDK\bin\jli.dll
0x00007ff8fb430000 - 0x00007ff8fb5dd000 	C:\WINDOWS\System32\USER32.dll
0x00007ff8e3ee0000 - 0x00007ff8e416e000 	C:\WINDOWS\WinSxS\amd64_microsoft.windows.common-controls_6595b64144ccf1df_6.0.22621.608_none_a9444ca7c10bb01d\COMCTL32.dll
0x00007ff8f9890000 - 0x00007ff8f98b6000 	C:\WINDOWS\System32\win32u.dll
0x00007ff8fa7b0000 - 0x00007ff8fa857000 	C:\WINDOWS\System32\msvcrt.dll
0x00007ff8fa150000 - 0x00007ff8fa179000 	C:\WINDOWS\System32\GDI32.dll
0x00007ff8f8ef0000 - 0x00007ff8f9003000 	C:\WINDOWS\System32\gdi32full.dll
0x00007ff8f91a0000 - 0x00007ff8f923a000 	C:\WINDOWS\System32\msvcp_win.dll
0x00007ff8fb810000 - 0x00007ff8fb841000 	C:\WINDOWS\System32\IMM32.DLL
0x00007ff8de210000 - 0x00007ff8de2ab000 	E:\2022.3.32f1\Editor\Data\PlaybackEngines\AndroidPlayer\OpenJDK\bin\msvcp140.dll
0x00007ff845630000 - 0x00007ff8461b1000 	E:\2022.3.32f1\Editor\Data\PlaybackEngines\AndroidPlayer\OpenJDK\bin\server\jvm.dll
0x00007ff8fada0000 - 0x00007ff8fae4e000 	C:\WINDOWS\System32\ADVAPI32.dll
0x00007ff8fb760000 - 0x00007ff8fb804000 	C:\WINDOWS\System32\sechost.dll
0x00007ff8fb640000 - 0x00007ff8fb755000 	C:\WINDOWS\System32\RPCRT4.dll
0x00007ff8fa860000 - 0x00007ff8fa868000 	C:\WINDOWS\System32\PSAPI.DLL
0x00007ff8f4750000 - 0x00007ff8f4759000 	C:\WINDOWS\SYSTEM32\WSOCK32.dll
0x00007ff8f1af0000 - 0x00007ff8f1b24000 	C:\WINDOWS\SYSTEM32\WINMM.dll
0x00007ff8f0300000 - 0x00007ff8f030a000 	C:\WINDOWS\SYSTEM32\VERSION.dll
0x00007ff8fa610000 - 0x00007ff8fa681000 	C:\WINDOWS\System32\WS2_32.dll
0x00007ff8f7f40000 - 0x00007ff8f7f58000 	C:\WINDOWS\SYSTEM32\kernel.appcore.dll
0x00007ff8f37a0000 - 0x00007ff8f37b0000 	E:\2022.3.32f1\Editor\Data\PlaybackEngines\AndroidPlayer\OpenJDK\bin\verify.dll
0x00007ff8e4c90000 - 0x00007ff8e4ebe000 	C:\WINDOWS\SYSTEM32\DBGHELP.DLL
0x00007ff8fa870000 - 0x00007ff8fabf9000 	C:\WINDOWS\System32\combase.dll
0x00007ff8fb2a0000 - 0x00007ff8fb377000 	C:\WINDOWS\System32\OLEAUT32.dll
0x00007ff8e4b50000 - 0x00007ff8e4b82000 	C:\WINDOWS\SYSTEM32\dbgcore.DLL
0x00007ff8f9810000 - 0x00007ff8f988b000 	C:\WINDOWS\System32\bcryptPrimitives.dll
0x00007ff8e41e0000 - 0x00007ff8e4208000 	E:\2022.3.32f1\Editor\Data\PlaybackEngines\AndroidPlayer\OpenJDK\bin\java.dll
0x00007ff8e83f0000 - 0x00007ff8e83fa000 	E:\2022.3.32f1\Editor\Data\PlaybackEngines\AndroidPlayer\OpenJDK\bin\jimage.dll
0x00007ff8e82c0000 - 0x00007ff8e82d8000 	E:\2022.3.32f1\Editor\Data\PlaybackEngines\AndroidPlayer\OpenJDK\bin\zip.dll

dbghelp: loaded successfully - version: 4.0.5 - missing functions: none
symbol engine: initialized successfully - sym options: 0x614 - pdb path: .;E:\2022.3.32f1\Editor\Data\PlaybackEngines\AndroidPlayer\OpenJDK\bin;C:\WINDOWS\SYSTEM32;C:\WINDOWS\WinSxS\amd64_microsoft.windows.common-controls_6595b64144ccf1df_6.0.22621.608_none_a9444ca7c10bb01d;E:\2022.3.32f1\Editor\Data\PlaybackEngines\AndroidPlayer\OpenJDK\bin\server

VM Arguments:
java_command: <unknown>
java_class_path (initial): <not set>
Launcher Type: SUN_STANDARD

[Global flags]
     intx CICompilerCount                          = 4                                         {product} {ergonomic}
     uint ConcGCThreads                            = 3                                         {product} {ergonomic}
     uint G1ConcRefinementThreads                  = 10                                        {product} {ergonomic}
   size_t G1HeapRegionSize                         = 1048576                                   {product} {ergonomic}
    uintx GCDrainStackTargetSize                   = 64                                        {product} {ergonomic}
   size_t InitialHeapSize                          = 123731968                                 {product} {ergonomic}
   size_t MarkStackSize                            = 4194304                                   {product} {ergonomic}
   size_t MaxHeapSize                              = 1973420032                                {product} {ergonomic}
   size_t MinHeapDeltaBytes                        = 1048576                                   {product} {ergonomic}
    uintx NonNMethodCodeHeapSize                   = 5836300                                {pd product} {ergonomic}
    uintx NonProfiledCodeHeapSize                  = 122910970                              {pd product} {ergonomic}
    uintx ProfiledCodeHeapSize                     = 122910970                              {pd product} {ergonomic}
    uintx ReservedCodeCacheSize                    = 251658240                              {pd product} {ergonomic}
     bool SegmentedCodeCache                       = true                                      {product} {ergonomic}
     bool UseCompressedClassPointers               = true                                 {lp64_product} {ergonomic}
     bool UseCompressedOops                        = true                                 {lp64_product} {ergonomic}
     bool UseG1GC                                  = true                                      {product} {ergonomic}
     bool UseLargePagesIndividualAllocation        = false                                  {pd product} {ergonomic}

Logging:
Log output configuration:
 #0: stdout all=warning uptime,level,tags
 #1: stderr all=off uptime,level,tags

Environment Variables:
JAVA_HOME=E:\2022.3.32f1\Editor\Data\PlaybackEngines\AndroidPlayer\OpenJDK
PATH=C:\Python312\Scripts\;C:\Python312\;E:\Oculus\Support\oculus-runtime;C:\windows\system32;C:\windows;C:\windows\System32\Wbem;C:\windows\System32\WindowsPowerShell\v1.0\;C:\windows\System32\OpenSSH\;C:\Program Files (x86)\NVIDIA Corporation\PhysX\Common;C:\Program Files\NVIDIA Corporation\NVIDIA NvDLISR;C:\Program Files\dotnet\;C:\MinGW\bin;C:\ProgramData\chocolatey\bin;C:\WINDOWS\system32;C:\WINDOWS;C:\WINDOWS\System32\Wbem;C:\WINDOWS\System32\WindowsPowerShell\v1.0\;C:\WINDOWS\System32\OpenSSH\;C:\Program Files\HP\HP One Agent;E:\Git\cmd;D:\;C:\Users\hp\AppData\Local\Microsoft\WindowsApps;C:\Users\hp\AppData\Local\Programs\Microsoft VS Code\bin;C:\Program Files\JetBrains\IntelliJ IDEA Community Edition 2022.1.2\bin;;C:\Program Files\JetBrains\PyCharm Community Edition 2023.2.5\bin;;C:\Program Files\heroku\bin;C:\Users\hp\AppData\Local\GitHubDesktop\bin;C:\Users\hp\AppData\Roaming\npm;C:\Users\hp\.dotnet\tools
USERNAME=hp
OS=Windows_NT
PROCESSOR_IDENTIFIER=AMD64 Family 25 Model 80 Stepping 0, AuthenticAMD



---------------  S Y S T E M  ---------------

OS: Windows 11 , 64 bit Build 22621 (10.0.22621.1344)
OS uptime: 0 days 2:58 hours
Hyper-V role detected

CPU:total 12 (initial active 12) (12 cores per cpu, 2 threads per core) family 25 model 80 stepping 0 microcode 0x0, cmov, cx8, fxsr, mmx, sse, sse2, sse3, ssse3, sse4.1, sse4.2, popcnt, avx, avx2, aes, clmul, erms, mmxext, 3dnowpref, lzcnt, sse4a, ht, tsc, tscinvbit, tscinv, bmi1, bmi2, adx, sha, fma

Memory: 4k page, system-wide physical 7521M (540M free)
TotalPageFile size 15796M (AvailPageFile size 106M)
current process WorkingSet (physical memory assigned to process): 10M, peak: 10M
current process commit charge ("private bytes"): 64M, peak: 182M

vm_info: OpenJDK 64-Bit Server VM (11.0.14.1+1) for windows-amd64 JRE (11.0.14.1+1), built on Feb  9 2022 01:48:27 by "" with unknown MS VC++:1916

END.
