#
# There is insufficient memory for the Java Runtime Environment to continue.
# Native memory allocation (malloc) failed to allocate 160088 bytes for AllocateHeap
# Possible reasons:
#   The system is out of physical RAM or swap space
#   The process is running with CompressedOops enabled, and the Java Heap may be blocking the growth of the native heap
# Possible solutions:
#   Reduce memory load on the system
#   Increase physical memory or swap space
#   Check if swap backing store is full
#   Decrease Java heap size (-Xmx/-Xms)
#   Decrease number of Java threads
#   Decrease Java thread stack sizes (-Xss)
#   Set larger code cache with -XX:ReservedCodeCacheSize=
#   JVM is running with Unscaled Compressed Oops mode in which the Java heap is
#     placed in the first 4GB address space. The Java Heap base address is the
#     maximum limit for the native heap growth. Please use -XX:HeapBaseMinAddress
#     to set the Java Heap base and to place the Java Heap above 4GB virtual address.
# This output file may be truncated or incomplete.
#
#  Out of Memory Error (./src/hotspot/share/memory/allocation.cpp:46), pid=5596, tid=8832
#
# JRE version:  (11.0.14.1+1) (build )
# Java VM: OpenJDK 64-Bit Server VM (11.0.14.1+1, mixed mode, tiered, compressed oops, g1 gc, windows-amd64)
# No core dump will be written. Minidumps are not enabled by default on client versions of Windows
#

---------------  S U M M A R Y ------------

Command Line: 

Host: AMD Ryzen 5 5600H with Radeon Graphics         , 12 cores, 7G,  Windows 11 , 64 bit Build 22621 (10.0.22621.1344)
Time: Tue Jul 23 23:10:04 2024 India Standard Time elapsed time: 0.009782 seconds (0d 0h 0m 0s)

---------------  T H R E A D  ---------------

Current thread (0x000001ed6133a800):  JavaThread "Unknown thread" [_thread_in_vm, id=8832, stack(0x000000dda5900000,0x000000dda5a00000)]

Stack: [0x000000dda5900000,0x000000dda5a00000]
Native frames: (J=compiled Java code, j=interpreted, Vv=VM code, C=native code)
V  [jvm.dll+0x61e59a]
V  [jvm.dll+0x7aaca9]
V  [jvm.dll+0x7ac398]
V  [jvm.dll+0x7aca73]
V  [jvm.dll+0x24f9b8]
V  [jvm.dll+0xb94ea]
V  [jvm.dll+0x7864a8]
V  [jvm.dll+0x35f479]
V  [jvm.dll+0x767aa0]
V  [jvm.dll+0x3ccf1f]
V  [jvm.dll+0x3cf2b1]
C  [jli.dll+0x5207]
C  [ucrtbase.dll+0x29363]
C  [KERNEL32.DLL+0x126bd]
C  [ntdll.dll+0x5a9f8]


---------------  P R O C E S S  ---------------

Threads class SMR info:
_java_thread_list=0x000001ed5f077ff0, length=0, elements={
}

Java Threads: ( => current thread )

Other Threads:
  0x000001ed61352000 GCTaskThread "GC Thread#0" [stack: 0x000000dda5a00000,0x000000dda5b00000] [id=8196]
  0x000001ed61381800 ConcurrentGCThread "G1 Main Marker" [stack: 0x000000dda5b00000,0x000000dda5c00000] [id=10632]
  0x000001ed61387800 ConcurrentGCThread "G1 Conc#0" [stack: 0x000000dda5c00000,0x000000dda5d00000] [id=17700]
  0x000001ed6140d800 ConcurrentGCThread "G1 Refine#0" [stack: 0x000000dda5d00000,0x000000dda5e00000] [id=18484]
  0x000001ed6140e800 ConcurrentGCThread "G1 Young RemSet Sampling" [stack: 0x000000dda5e00000,0x000000dda5f00000] [id=2720]

=>0x000001ed6133a800 (exited) JavaThread "Unknown thread" [_thread_in_vm, id=8832, stack(0x000000dda5900000,0x000000dda5a00000)]

Threads with active compile tasks:

VM state:not at safepoint (not fully initialized)

VM Mutex/Monitor currently owned by a thread: None

Heap address: 0x000000008a600000, size: 1882 MB, Compressed Oops mode: 32-bit
Narrow klass base: 0x0000000000000000, Narrow klass shift: 3
Compressed class space size: 1073741824 Address: 0x0000000100000000

GC Heap History (0 events):
No events

Deoptimization events (0 events):
No events

Classes redefined (0 events):
No events

Internal exceptions (0 events):
No events

Events (1 events):
Event: 0.004 Loaded shared library E:\2022.3.32f1\Editor\Data\PlaybackEngines\AndroidPlayer\OpenJDK\bin\zip.dll


Dynamic libraries:
0x00007ff7e6cb0000 - 0x00007ff7e6cbd000 	E:\2022.3.32f1\Editor\Data\PlaybackEngines\AndroidPlayer\OpenJDK\bin\java.exe
0x00007ffccfb90000 - 0x00007ffccfda4000 	C:\WINDOWS\SYSTEM32\ntdll.dll
0x00007ffcce510000 - 0x00007ffcce5d3000 	C:\WINDOWS\System32\KERNEL32.DLL
0x00007ffccd2c0000 - 0x00007ffccd65c000 	C:\WINDOWS\System32\KERNELBASE.dll
0x00007ffccd1a0000 - 0x00007ffccd2b1000 	C:\WINDOWS\System32\ucrtbase.dll
0x00007ffcbcca0000 - 0x00007ffcbccb5000 	E:\2022.3.32f1\Editor\Data\PlaybackEngines\AndroidPlayer\OpenJDK\bin\VCRUNTIME140.dll
0x00007ffcbccf0000 - 0x00007ffcbcd07000 	E:\2022.3.32f1\Editor\Data\PlaybackEngines\AndroidPlayer\OpenJDK\bin\jli.dll
0x00007ffcce600000 - 0x00007ffcce7ad000 	C:\WINDOWS\System32\USER32.dll
0x00007ffcb6550000 - 0x00007ffcb67de000 	C:\WINDOWS\WinSxS\amd64_microsoft.windows.common-controls_6595b64144ccf1df_6.0.22621.608_none_a9444ca7c10bb01d\COMCTL32.dll
0x00007ffccd800000 - 0x00007ffccd826000 	C:\WINDOWS\System32\win32u.dll
0x00007ffccf500000 - 0x00007ffccf5a7000 	C:\WINDOWS\System32\msvcrt.dll
0x00007ffccebd0000 - 0x00007ffccebf9000 	C:\WINDOWS\System32\GDI32.dll
0x00007ffccd660000 - 0x00007ffccd773000 	C:\WINDOWS\System32\gdi32full.dll
0x00007ffccd090000 - 0x00007ffccd12a000 	C:\WINDOWS\System32\msvcp_win.dll
0x00007ffcce480000 - 0x00007ffcce4b1000 	C:\WINDOWS\System32\IMM32.DLL
0x00007ffcaa890000 - 0x00007ffcaa92b000 	E:\2022.3.32f1\Editor\Data\PlaybackEngines\AndroidPlayer\OpenJDK\bin\msvcp140.dll
0x00007ffc1ea00000 - 0x00007ffc1f581000 	E:\2022.3.32f1\Editor\Data\PlaybackEngines\AndroidPlayer\OpenJDK\bin\server\jvm.dll
0x00007ffccfaa0000 - 0x00007ffccfb4e000 	C:\WINDOWS\System32\ADVAPI32.dll
0x00007ffccf610000 - 0x00007ffccf6b4000 	C:\WINDOWS\System32\sechost.dll
0x00007ffccf980000 - 0x00007ffccfa95000 	C:\WINDOWS\System32\RPCRT4.dll
0x00007ffcce2b0000 - 0x00007ffcce2b8000 	C:\WINDOWS\System32\PSAPI.DLL
0x00007ffcb2ce0000 - 0x00007ffcb2ce9000 	C:\WINDOWS\SYSTEM32\WSOCK32.dll
0x00007ffcc5a10000 - 0x00007ffcc5a44000 	C:\WINDOWS\SYSTEM32\WINMM.dll
0x00007ffccf3d0000 - 0x00007ffccf441000 	C:\WINDOWS\System32\WS2_32.dll
0x00007ffcc43c0000 - 0x00007ffcc43ca000 	C:\WINDOWS\SYSTEM32\VERSION.dll
0x00007ffccc020000 - 0x00007ffccc038000 	C:\WINDOWS\SYSTEM32\kernel.appcore.dll
0x00007ffcbcce0000 - 0x00007ffcbccf0000 	E:\2022.3.32f1\Editor\Data\PlaybackEngines\AndroidPlayer\OpenJDK\bin\verify.dll
0x00007ffcb90d0000 - 0x00007ffcb92fe000 	C:\WINDOWS\SYSTEM32\DBGHELP.DLL
0x00007ffcce840000 - 0x00007ffccebc9000 	C:\WINDOWS\System32\combase.dll
0x00007ffccf8a0000 - 0x00007ffccf977000 	C:\WINDOWS\System32\OLEAUT32.dll
0x00007ffcb9d10000 - 0x00007ffcb9d42000 	C:\WINDOWS\SYSTEM32\dbgcore.DLL
0x00007ffccd780000 - 0x00007ffccd7fb000 	C:\WINDOWS\System32\bcryptPrimitives.dll
0x00007ffcbcc70000 - 0x00007ffcbcc98000 	E:\2022.3.32f1\Editor\Data\PlaybackEngines\AndroidPlayer\OpenJDK\bin\java.dll
0x00007ffcbcc60000 - 0x00007ffcbcc6a000 	E:\2022.3.32f1\Editor\Data\PlaybackEngines\AndroidPlayer\OpenJDK\bin\jimage.dll
0x00007ffcb98b0000 - 0x00007ffcb98c8000 	E:\2022.3.32f1\Editor\Data\PlaybackEngines\AndroidPlayer\OpenJDK\bin\zip.dll

dbghelp: loaded successfully - version: 4.0.5 - missing functions: none
symbol engine: initialized successfully - sym options: 0x614 - pdb path: .;E:\2022.3.32f1\Editor\Data\PlaybackEngines\AndroidPlayer\OpenJDK\bin;C:\WINDOWS\SYSTEM32;C:\WINDOWS\WinSxS\amd64_microsoft.windows.common-controls_6595b64144ccf1df_6.0.22621.608_none_a9444ca7c10bb01d;E:\2022.3.32f1\Editor\Data\PlaybackEngines\AndroidPlayer\OpenJDK\bin\server

VM Arguments:
java_command: <unknown>
java_class_path (initial): <not set>
Launcher Type: SUN_STANDARD

[Global flags]
     intx CICompilerCount                          = 4                                         {product} {ergonomic}
     uint ConcGCThreads                            = 3                                         {product} {ergonomic}
     uint G1ConcRefinementThreads                  = 10                                        {product} {ergonomic}
   size_t G1HeapRegionSize                         = 1048576                                   {product} {ergonomic}
    uintx GCDrainStackTargetSize                   = 64                                        {product} {ergonomic}
   size_t InitialHeapSize                          = 123731968                                 {product} {ergonomic}
   size_t MarkStackSize                            = 4194304                                   {product} {ergonomic}
   size_t MaxHeapSize                              = 1973420032                                {product} {ergonomic}
   size_t MaxNewSize                               = 1183842304                                {product} {ergonomic}
   size_t MinHeapDeltaBytes                        = 1048576                                   {product} {ergonomic}
    uintx NonNMethodCodeHeapSize                   = 5836300                                {pd product} {ergonomic}
    uintx NonProfiledCodeHeapSize                  = 122910970                              {pd product} {ergonomic}
    uintx ProfiledCodeHeapSize                     = 122910970                              {pd product} {ergonomic}
    uintx ReservedCodeCacheSize                    = 251658240                              {pd product} {ergonomic}
     bool SegmentedCodeCache                       = true                                      {product} {ergonomic}
     bool UseCompressedClassPointers               = true                                 {lp64_product} {ergonomic}
     bool UseCompressedOops                        = true                                 {lp64_product} {ergonomic}
     bool UseG1GC                                  = true                                      {product} {ergonomic}
     bool UseLargePagesIndividualAllocation        = false                                  {pd product} {ergonomic}

Logging:
Log output configuration:
 #0: stdout all=warning uptime,level,tags
 #1: stderr all=off uptime,level,tags

Environment Variables:
JAVA_HOME=E:\2022.3.32f1\Editor\Data\PlaybackEngines\AndroidPlayer\OpenJDK
PATH=C:\Python312\Scripts\;C:\Python312\;E:\Oculus\Support\oculus-runtime;C:\windows\system32;C:\windows;C:\windows\System32\Wbem;C:\windows\System32\WindowsPowerShell\v1.0\;C:\windows\System32\OpenSSH\;C:\Program Files (x86)\NVIDIA Corporation\PhysX\Common;C:\Program Files\NVIDIA Corporation\NVIDIA NvDLISR;C:\Program Files\dotnet\;C:\MinGW\bin;C:\ProgramData\chocolatey\bin;C:\WINDOWS\system32;C:\WINDOWS;C:\WINDOWS\System32\Wbem;C:\WINDOWS\System32\WindowsPowerShell\v1.0\;C:\WINDOWS\System32\OpenSSH\;C:\Program Files\HP\HP One Agent;E:\Git\cmd;D:\;C:\Users\hp\AppData\Local\Microsoft\WindowsApps;C:\Users\hp\AppData\Local\Programs\Microsoft VS Code\bin;C:\Program Files\JetBrains\IntelliJ IDEA Community Edition 2022.1.2\bin;;C:\Program Files\JetBrains\PyCharm Community Edition 2023.2.5\bin;;C:\Program Files\heroku\bin;C:\Users\hp\AppData\Local\GitHubDesktop\bin;C:\Users\hp\AppData\Roaming\npm;C:\Users\hp\.dotnet\tools
USERNAME=hp
OS=Windows_NT
PROCESSOR_IDENTIFIER=AMD64 Family 25 Model 80 Stepping 0, AuthenticAMD



---------------  S Y S T E M  ---------------

OS: Windows 11 , 64 bit Build 22621 (10.0.22621.1344)
OS uptime: 0 days 1:22 hours
Hyper-V role detected

CPU:total 12 (initial active 12) (12 cores per cpu, 2 threads per core) family 25 model 80 stepping 0 microcode 0x0, cmov, cx8, fxsr, mmx, sse, sse2, sse3, ssse3, sse4.1, sse4.2, popcnt, avx, avx2, aes, clmul, erms, mmxext, 3dnowpref, lzcnt, sse4a, ht, tsc, tscinvbit, tscinv, bmi1, bmi2, adx, sha, fma

Memory: 4k page, system-wide physical 7521M (677M free)
TotalPageFile size 17542M (AvailPageFile size 2M)
current process WorkingSet (physical memory assigned to process): 16M, peak: 16M
current process commit charge ("private bytes"): 187M, peak: 187M

vm_info: OpenJDK 64-Bit Server VM (11.0.14.1+1) for windows-amd64 JRE (11.0.14.1+1), built on Feb  9 2022 01:48:27 by "" with unknown MS VC++:1916

END.
