#
# There is insufficient memory for the Java Runtime Environment to continue.
# Native memory allocation (mmap) failed to map 123731968 bytes for Failed to commit area from 0x000000008a600000 to 0x0000000091c00000 of length 123731968.
# Possible reasons:
#   The system is out of physical RAM or swap space
#   The process is running with CompressedOops enabled, and the Java Heap may be blocking the growth of the native heap
# Possible solutions:
#   Reduce memory load on the system
#   Increase physical memory or swap space
#   Check if swap backing store is full
#   Decrease Java heap size (-Xmx/-Xms)
#   Decrease number of Java threads
#   Decrease Java thread stack sizes (-Xss)
#   Set larger code cache with -XX:ReservedCodeCacheSize=
# This output file may be truncated or incomplete.
#
#  Out of Memory Error (./src/hotspot/os/windows/os_windows.cpp:3387), pid=6224, tid=19776
#
# JRE version:  (11.0.14.1+1) (build )
# Java VM: OpenJDK 64-Bit Server VM (11.0.14.1+1, mixed mode, sharing, tiered, compressed oops, g1 gc, windows-amd64)
# No core dump will be written. Minidumps are not enabled by default on client versions of Windows
#

---------------  S U M M A R Y ------------

Command Line: -Dfile.encoding=UTF-8 

Host: AMD Ryzen 5 5600H with Radeon Graphics         , 12 cores, 7G,  Windows 11 , 64 bit Build 22621 (10.0.22621.1344)
Time: Thu Jul 11 05:29:14 2024 India Standard Time elapsed time: 0.006925 seconds (0d 0h 0m 0s)

---------------  T H R E A D  ---------------

Current thread (0x000001d3f943b800):  JavaThread "Unknown thread" [_thread_in_vm, id=19776, stack(0x0000001f1da00000,0x0000001f1db00000)]

Stack: [0x0000001f1da00000,0x0000001f1db00000]
Native frames: (J=compiled Java code, j=interpreted, Vv=VM code, C=native code)
V  [jvm.dll+0x61e59a]
V  [jvm.dll+0x7aaca9]
V  [jvm.dll+0x7ac398]
V  [jvm.dll+0x7aca73]
V  [jvm.dll+0x24f9b8]
V  [jvm.dll+0x61b83a]
V  [jvm.dll+0x6100c5]
V  [jvm.dll+0x30772c]
V  [jvm.dll+0x3075b2]
V  [jvm.dll+0x30c2d6]
V  [jvm.dll+0x35272f]
V  [jvm.dll+0x352160]
V  [jvm.dll+0x2e4728]
V  [jvm.dll+0x2e5886]
V  [jvm.dll+0x784b07]
V  [jvm.dll+0x78628f]
V  [jvm.dll+0x35f479]
V  [jvm.dll+0x767aa0]
V  [jvm.dll+0x3ccf1f]
V  [jvm.dll+0x3cf2b1]
C  [jli.dll+0x5207]
C  [ucrtbase.dll+0x29363]
C  [KERNEL32.DLL+0x126bd]
C  [ntdll.dll+0x5a9f8]


---------------  P R O C E S S  ---------------

Threads class SMR info:
_java_thread_list=0x000001d3f71d7690, length=0, elements={
}

Java Threads: ( => current thread )

Other Threads:
  0x000001d3f9454000 GCTaskThread "GC Thread#0" [stack: 0x0000001f1db00000,0x0000001f1dc00000] [id=7240]
  0x000001d3f9482800 ConcurrentGCThread "G1 Main Marker" [stack: 0x0000001f1dc00000,0x0000001f1dd00000] [id=16400]
  0x000001d3f9487800 ConcurrentGCThread "G1 Conc#0" [stack: 0x0000001f1dd00000,0x0000001f1de00000] [id=18012]

[error occurred during error reporting (printing all threads), id 0xc0000005, EXCEPTION_ACCESS_VIOLATION (0xc0000005) at pc=0x00007ff8a0423ef7]

VM state:not at safepoint (not fully initialized)

VM Mutex/Monitor currently owned by a thread:  ([mutex/lock_event])
[0x000001d3f9438700] Heap_lock - owner thread: 0x000001d3f943b800

Heap address: 0x000000008a600000, size: 1882 MB, Compressed Oops mode: Non-zero based: 0x000000008a600000
Narrow klass base: 0x0000000000000000, Narrow klass shift: 0

GC Heap History (0 events):
No events

Deoptimization events (0 events):
No events

Classes redefined (0 events):
No events

Internal exceptions (0 events):
No events

Events (1 events):
Event: 0.005 Loaded shared library E:\2022.3.32f1\Editor\Data\PlaybackEngines\AndroidPlayer\OpenJDK\bin\zip.dll


Dynamic libraries:
0x00007ff621490000 - 0x00007ff62149d000 	E:\2022.3.32f1\Editor\Data\PlaybackEngines\AndroidPlayer\OpenJDK\bin\java.exe
0x00007ff96e1b0000 - 0x00007ff96e3c4000 	C:\WINDOWS\SYSTEM32\ntdll.dll
0x00007ff96c750000 - 0x00007ff96c813000 	C:\WINDOWS\System32\KERNEL32.DLL
0x00007ff96bc20000 - 0x00007ff96bfbc000 	C:\WINDOWS\System32\KERNELBASE.dll
0x00007ff96bb00000 - 0x00007ff96bc11000 	C:\WINDOWS\System32\ucrtbase.dll
0x00007ff960510000 - 0x00007ff960527000 	E:\2022.3.32f1\Editor\Data\PlaybackEngines\AndroidPlayer\OpenJDK\bin\jli.dll
0x00007ff959200000 - 0x00007ff959215000 	E:\2022.3.32f1\Editor\Data\PlaybackEngines\AndroidPlayer\OpenJDK\bin\VCRUNTIME140.dll
0x00007ff96d190000 - 0x00007ff96d33d000 	C:\WINDOWS\System32\USER32.dll
0x00007ff957410000 - 0x00007ff95769e000 	C:\WINDOWS\WinSxS\amd64_microsoft.windows.common-controls_6595b64144ccf1df_6.0.22621.608_none_a9444ca7c10bb01d\COMCTL32.dll
0x00007ff96b7d0000 - 0x00007ff96b7f6000 	C:\WINDOWS\System32\win32u.dll
0x00007ff96cfb0000 - 0x00007ff96d057000 	C:\WINDOWS\System32\msvcrt.dll
0x00007ff96c4f0000 - 0x00007ff96c519000 	C:\WINDOWS\System32\GDI32.dll
0x00007ff96b870000 - 0x00007ff96b983000 	C:\WINDOWS\System32\gdi32full.dll
0x00007ff96b6b0000 - 0x00007ff96b74a000 	C:\WINDOWS\System32\msvcp_win.dll
0x00007ff96dfb0000 - 0x00007ff96dfe1000 	C:\WINDOWS\System32\IMM32.DLL
0x00007ff9060d0000 - 0x00007ff90616b000 	E:\2022.3.32f1\Editor\Data\PlaybackEngines\AndroidPlayer\OpenJDK\bin\msvcp140.dll
0x00007ff8a0130000 - 0x00007ff8a0cb1000 	E:\2022.3.32f1\Editor\Data\PlaybackEngines\AndroidPlayer\OpenJDK\bin\server\jvm.dll
0x00007ff96c5a0000 - 0x00007ff96c64e000 	C:\WINDOWS\System32\ADVAPI32.dll
0x00007ff96d340000 - 0x00007ff96d3e4000 	C:\WINDOWS\System32\sechost.dll
0x00007ff96ce90000 - 0x00007ff96cfa5000 	C:\WINDOWS\System32\RPCRT4.dll
0x00007ff96dbf0000 - 0x00007ff96dbf8000 	C:\WINDOWS\System32\PSAPI.DLL
0x00007ff937b80000 - 0x00007ff937b89000 	C:\WINDOWS\SYSTEM32\WSOCK32.dll
0x00007ff964a40000 - 0x00007ff964a74000 	C:\WINDOWS\SYSTEM32\WINMM.dll
0x00007ff962c40000 - 0x00007ff962c4a000 	C:\WINDOWS\SYSTEM32\VERSION.dll
0x00007ff96c520000 - 0x00007ff96c591000 	C:\WINDOWS\System32\WS2_32.dll
0x00007ff96a730000 - 0x00007ff96a748000 	C:\WINDOWS\SYSTEM32\kernel.appcore.dll
0x00007ff9591f0000 - 0x00007ff959200000 	E:\2022.3.32f1\Editor\Data\PlaybackEngines\AndroidPlayer\OpenJDK\bin\verify.dll
0x00007ff963620000 - 0x00007ff96384e000 	C:\WINDOWS\SYSTEM32\DBGHELP.DLL
0x00007ff96dc20000 - 0x00007ff96dfa9000 	C:\WINDOWS\System32\combase.dll
0x00007ff96c1c0000 - 0x00007ff96c297000 	C:\WINDOWS\System32\OLEAUT32.dll
0x00007ff962e30000 - 0x00007ff962e62000 	C:\WINDOWS\SYSTEM32\dbgcore.DLL
0x00007ff96b750000 - 0x00007ff96b7cb000 	C:\WINDOWS\System32\bcryptPrimitives.dll
0x00007ff958200000 - 0x00007ff958228000 	E:\2022.3.32f1\Editor\Data\PlaybackEngines\AndroidPlayer\OpenJDK\bin\java.dll
0x00007ff946e10000 - 0x00007ff946e1a000 	E:\2022.3.32f1\Editor\Data\PlaybackEngines\AndroidPlayer\OpenJDK\bin\jimage.dll
0x00007ff941710000 - 0x00007ff941728000 	E:\2022.3.32f1\Editor\Data\PlaybackEngines\AndroidPlayer\OpenJDK\bin\zip.dll

dbghelp: loaded successfully - version: 4.0.5 - missing functions: none
symbol engine: initialized successfully - sym options: 0x614 - pdb path: .;E:\2022.3.32f1\Editor\Data\PlaybackEngines\AndroidPlayer\OpenJDK\bin;C:\WINDOWS\SYSTEM32;C:\WINDOWS\WinSxS\amd64_microsoft.windows.common-controls_6595b64144ccf1df_6.0.22621.608_none_a9444ca7c10bb01d;E:\2022.3.32f1\Editor\Data\PlaybackEngines\AndroidPlayer\OpenJDK\bin\server

VM Arguments:
jvm_args: -Dfile.encoding=UTF-8 
java_command: <unknown>
java_class_path (initial): <not set>
Launcher Type: SUN_STANDARD

[Global flags]
     intx CICompilerCount                          = 4                                         {product} {ergonomic}
     uint ConcGCThreads                            = 3                                         {product} {ergonomic}
     uint G1ConcRefinementThreads                  = 10                                        {product} {ergonomic}
   size_t G1HeapRegionSize                         = 1048576                                   {product} {ergonomic}
    uintx GCDrainStackTargetSize                   = 64                                        {product} {ergonomic}
   size_t InitialHeapSize                          = 123731968                                 {product} {ergonomic}
   size_t MarkStackSize                            = 4194304                                   {product} {ergonomic}
   size_t MaxHeapSize                              = 1973420032                                {product} {ergonomic}
   size_t MinHeapDeltaBytes                        = 1048576                                   {product} {ergonomic}
    uintx NonNMethodCodeHeapSize                   = 5836300                                {pd product} {ergonomic}
    uintx NonProfiledCodeHeapSize                  = 122910970                              {pd product} {ergonomic}
    uintx ProfiledCodeHeapSize                     = 122910970                              {pd product} {ergonomic}
    uintx ReservedCodeCacheSize                    = 251658240                              {pd product} {ergonomic}
     bool SegmentedCodeCache                       = true                                      {product} {ergonomic}
     bool UseCompressedClassPointers               = true                                 {lp64_product} {ergonomic}
     bool UseCompressedOops                        = true                                 {lp64_product} {ergonomic}
     bool UseG1GC                                  = true                                      {product} {ergonomic}
     bool UseLargePagesIndividualAllocation        = false                                  {pd product} {ergonomic}

Logging:
Log output configuration:
 #0: stdout all=warning uptime,level,tags
 #1: stderr all=off uptime,level,tags

Environment Variables:
JAVA_HOME=E:\2022.3.32f1\Editor\Data\PlaybackEngines\AndroidPlayer\OpenJDK
JAVA_TOOL_OPTIONS=-Dfile.encoding=UTF-8
PATH=C:\Python312\Scripts\;C:\Python312\;E:\Oculus\Support\oculus-runtime;C:\windows\system32;C:\windows;C:\windows\System32\Wbem;C:\windows\System32\WindowsPowerShell\v1.0\;C:\windows\System32\OpenSSH\;C:\Program Files (x86)\NVIDIA Corporation\PhysX\Common;C:\Program Files\NVIDIA Corporation\NVIDIA NvDLISR;C:\Program Files\dotnet\;C:\MinGW\bin;C:\ProgramData\chocolatey\bin;C:\WINDOWS\system32;C:\WINDOWS;C:\WINDOWS\System32\Wbem;C:\WINDOWS\System32\WindowsPowerShell\v1.0\;C:\WINDOWS\System32\OpenSSH\;C:\Program Files\HP\HP One Agent;E:\Git\cmd;D:\;C:\Users\hp\AppData\Local\Microsoft\WindowsApps;C:\Users\hp\AppData\Local\Programs\Microsoft VS Code\bin;C:\Program Files\JetBrains\IntelliJ IDEA Community Edition 2022.1.2\bin;;C:\Program Files\JetBrains\PyCharm Community Edition 2023.2.5\bin;;C:\Program Files\heroku\bin;C:\Users\hp\AppData\Local\GitHubDesktop\bin;C:\Users\hp\AppData\Roaming\npm;C:\Users\hp\.dotnet\tools
USERNAME=hp
OS=Windows_NT
PROCESSOR_IDENTIFIER=AMD64 Family 25 Model 80 Stepping 0, AuthenticAMD



---------------  S Y S T E M  ---------------

OS: Windows 11 , 64 bit Build 22621 (10.0.22621.1344)
OS uptime: 0 days 1:52 hours
Hyper-V role detected

CPU:total 12 (initial active 12) (12 cores per cpu, 2 threads per core) family 25 model 80 stepping 0 microcode 0x0, cmov, cx8, fxsr, mmx, sse, sse2, sse3, ssse3, sse4.1, sse4.2, popcnt, avx, avx2, aes, clmul, erms, mmxext, 3dnowpref, lzcnt, sse4a, ht, tsc, tscinvbit, tscinv, bmi1, bmi2, adx, sha, fma

Memory: 4k page, system-wide physical 7521M (705M free)
TotalPageFile size 18012M (AvailPageFile size 22M)
current process WorkingSet (physical memory assigned to process): 10M, peak: 10M
current process commit charge ("private bytes"): 64M, peak: 182M

vm_info: OpenJDK 64-Bit Server VM (11.0.14.1+1) for windows-amd64 JRE (11.0.14.1+1), built on Feb  9 2022 01:48:27 by "" with unknown MS VC++:1916

END.
